---------------------------------------
Resource Usage Report for top 

Mapping to part: ice40lp8kcm81
Cell usage:
GND             2 uses
SB_CARRY        22 uses
SB_DFFR         26 uses
SB_GB           1 use
VCC             2 uses
SB_LUT4         40 uses

I/O ports: 3
I/O primitives: 3
SB_GB_IO       1 use
SB_IO          2 uses

I/O Register bits:                  0
Register bits not including I/Os:   26 (0%)

@S |Mapping Summary:
Total  LUTs: 40 (0%)

Distribution of All Consumed LUTs = LUT4 
Distribution of All Consumed Luts 40 = 40 

